0 info it worked if it ends with ok
1 verbose cli [ 'D:\\Program Files\\nodejs\\node.exe',
1 verbose cli   'D:\\Program Files\\nodejs\\global_modules\\node_modules\\npm\\bin\\npm-cli.js',
1 verbose cli   'run',
1 verbose cli   'gulp' ]
2 info using npm@4.0.3
3 info using node@v4.4.7
4 verbose stack Error: ENOENT: no such file or directory, open 'E:\Mine\Study\ES6\package.json'
4 verbose stack     at Error (native)
5 verbose cwd E:\Mine\Study\ES6
6 error Windows_NT 10.0.14393
7 error argv "D:\\Program Files\\nodejs\\node.exe" "D:\\Program Files\\nodejs\\global_modules\\node_modules\\npm\\bin\\npm-cli.js" "run" "gulp"
8 error node v4.4.7
9 error npm  v4.0.3
10 error path E:\Mine\Study\ES6\package.json
11 error code ENOENT
12 error errno -4058
13 error syscall open
14 error enoent ENOENT: no such file or directory, open 'E:\Mine\Study\ES6\package.json'
15 error enoent ENOENT: no such file or directory, open 'E:\Mine\Study\ES6\package.json'
15 error enoent This is most likely not a problem with npm itself
15 error enoent and is related to npm not being able to find a file.
16 verbose exit [ -4058, true ]
